  test.cpp
c:\users\x1c\desktop\netmsgengine\netmsgengine\netmsgengine\responseserver.hpp(133): warning C4244: “参数”: 从“SOCKET”转换到“int”，可能丢失数据
c:\users\x1c\desktop\netmsgengine\netmsgengine\netmsgengine\responseserver.hpp(91): warning C4477: “printf”: 格式字符串“%d”需要类型“int”的参数，但可变参数 1 拥有了类型“SOCKET”
  c:\users\x1c\desktop\netmsgengine\netmsgengine\netmsgengine\responseserver.hpp(91): note: 请考虑在格式字符串中使用“%lld”
  c:\users\x1c\desktop\netmsgengine\netmsgengine\netmsgengine\responseserver.hpp(91): note: 请考虑在格式字符串中使用“%Id”
  c:\users\x1c\desktop\netmsgengine\netmsgengine\netmsgengine\responseserver.hpp(91): note: 请考虑在格式字符串中使用“%I64d”
c:\users\x1c\desktop\netmsgengine\netmsgengine\netmsgengine\responseserver.hpp(181): warning C4018: “<”: 有符号/无符号不匹配
c:\users\x1c\desktop\netmsgengine\netmsgengine\netmsgengine\responseserver.hpp(215): warning C4018: “<”: 有符号/无符号不匹配
c:\users\x1c\desktop\netmsgengine\netmsgengine\netmsgengine\mainserver.hpp(114): warning C4477: “printf”: 格式字符串“%d”需要类型“int”的参数，但可变参数 1 拥有了类型“SOCKET”
  c:\users\x1c\desktop\netmsgengine\netmsgengine\netmsgengine\mainserver.hpp(114): note: 请考虑在格式字符串中使用“%lld”
  c:\users\x1c\desktop\netmsgengine\netmsgengine\netmsgengine\mainserver.hpp(114): note: 请考虑在格式字符串中使用“%Id”
  c:\users\x1c\desktop\netmsgengine\netmsgengine\netmsgengine\mainserver.hpp(114): note: 请考虑在格式字符串中使用“%I64d”
c:\users\x1c\desktop\netmsgengine\netmsgengine\netmsgengine\mainserver.hpp(118): warning C4477: “printf”: 格式字符串“%d”需要类型“int”的参数，但可变参数 1 拥有了类型“SOCKET”
  c:\users\x1c\desktop\netmsgengine\netmsgengine\netmsgengine\mainserver.hpp(118): note: 请考虑在格式字符串中使用“%lld”
  c:\users\x1c\desktop\netmsgengine\netmsgengine\netmsgengine\mainserver.hpp(118): note: 请考虑在格式字符串中使用“%Id”
  c:\users\x1c\desktop\netmsgengine\netmsgengine\netmsgengine\mainserver.hpp(118): note: 请考虑在格式字符串中使用“%I64d”
c:\users\x1c\desktop\netmsgengine\netmsgengine\netmsgengine\mainserver.hpp(211): warning C4244: “参数”: 从“SOCKET”转换到“int”，可能丢失数据
c:\users\x1c\desktop\netmsgengine\netmsgengine\netmsgengine\mainserver.hpp(239): warning C4477: “printf”: 格式字符串“%d”需要类型“int”的参数，但可变参数 3 拥有了类型“SOCKET”
  c:\users\x1c\desktop\netmsgengine\netmsgengine\netmsgengine\mainserver.hpp(239): note: 请考虑在格式字符串中使用“%lld”
  c:\users\x1c\desktop\netmsgengine\netmsgengine\netmsgengine\mainserver.hpp(239): note: 请考虑在格式字符串中使用“%Id”
  c:\users\x1c\desktop\netmsgengine\netmsgengine\netmsgengine\mainserver.hpp(239): note: 请考虑在格式字符串中使用“%I64d”
c:\users\x1c\desktop\netmsgengine\netmsgengine\netmsgengine\test.cpp(82): warning C4996: 'scanf': This function or variable may be unsafe. Consider using scanf_s instead. To disable deprecation, use _CRT_SECURE_NO_WARNINGS. See online help for details.
  c:\program files (x86)\windows kits\10\include\10.0.10240.0\ucrt\stdio.h(1270): note: 参见“scanf”的声明
  NetMsgEngine.vcxproj -> C:\Users\x1c\Desktop\NetMsgEngine\NetMsgEngine\x64\Debug\NetMsgEngine.exe
  NetMsgEngine.vcxproj -> C:\Users\x1c\Desktop\NetMsgEngine\NetMsgEngine\x64\Debug\NetMsgEngine.pdb (Full PDB)
