  MemoryMge.hpp
MemoryMge.hpp(87): warning C4267: “=”: 从“size_t”转换到“int”，可能丢失数据
  ObjectPool.hpp
  test.cpp
c:\users\x1c\desktop\netmsgengine\netmsgengine\netmsgengine\DataClient.hpp(105): warning C4477: “printf”: 格式字符串“%d”需要类型“int”的参数，但可变参数 1 拥有了类型“SOCKET”
  c:\users\x1c\desktop\netmsgengine\netmsgengine\netmsgengine\DataClient.hpp(105): note: 请考虑在格式字符串中使用“%lld”
  c:\users\x1c\desktop\netmsgengine\netmsgengine\netmsgengine\DataClient.hpp(105): note: 请考虑在格式字符串中使用“%Id”
  c:\users\x1c\desktop\netmsgengine\netmsgengine\netmsgengine\DataClient.hpp(105): note: 请考虑在格式字符串中使用“%I64d”
c:\users\x1c\desktop\netmsgengine\netmsgengine\netmsgengine\DataClient.hpp(105): warning C4477: “printf”: 格式字符串“%d”需要类型“int”的参数，但可变参数 2 拥有了类型“time_t”
  c:\users\x1c\desktop\netmsgengine\netmsgengine\netmsgengine\DataClient.hpp(105): note: 请考虑在格式字符串中使用“%lld”
  c:\users\x1c\desktop\netmsgengine\netmsgengine\netmsgengine\DataClient.hpp(105): note: 请考虑在格式字符串中使用“%Id”
  c:\users\x1c\desktop\netmsgengine\netmsgengine\netmsgengine\DataClient.hpp(105): note: 请考虑在格式字符串中使用“%I64d”
c:\users\x1c\desktop\netmsgengine\netmsgengine\netmsgengine\ResponseServer.hpp(140): warning C4244: “参数”: 从“SOCKET”转换到“int”，可能丢失数据
c:\users\x1c\desktop\netmsgengine\netmsgengine\netmsgengine\ResponseServer.hpp(101): warning C4477: “printf”: 格式字符串“%d”需要类型“int”的参数，但可变参数 1 拥有了类型“SOCKET”
  c:\users\x1c\desktop\netmsgengine\netmsgengine\netmsgengine\ResponseServer.hpp(101): note: 请考虑在格式字符串中使用“%lld”
  c:\users\x1c\desktop\netmsgengine\netmsgengine\netmsgengine\ResponseServer.hpp(101): note: 请考虑在格式字符串中使用“%Id”
  c:\users\x1c\desktop\netmsgengine\netmsgengine\netmsgengine\ResponseServer.hpp(101): note: 请考虑在格式字符串中使用“%I64d”
c:\users\x1c\desktop\netmsgengine\netmsgengine\netmsgengine\ResponseServer.hpp(179): warning C4018: “<”: 有符号/无符号不匹配
c:\users\x1c\desktop\netmsgengine\netmsgengine\netmsgengine\MainServer.hpp(114): warning C4477: “printf”: 格式字符串“%d”需要类型“int”的参数，但可变参数 1 拥有了类型“SOCKET”
  c:\users\x1c\desktop\netmsgengine\netmsgengine\netmsgengine\MainServer.hpp(114): note: 请考虑在格式字符串中使用“%lld”
  c:\users\x1c\desktop\netmsgengine\netmsgengine\netmsgengine\MainServer.hpp(114): note: 请考虑在格式字符串中使用“%Id”
  c:\users\x1c\desktop\netmsgengine\netmsgengine\netmsgengine\MainServer.hpp(114): note: 请考虑在格式字符串中使用“%I64d”
c:\users\x1c\desktop\netmsgengine\netmsgengine\netmsgengine\MainServer.hpp(117): warning C4477: “printf”: 格式字符串“%d”需要类型“int”的参数，但可变参数 1 拥有了类型“SOCKET”
  c:\users\x1c\desktop\netmsgengine\netmsgengine\netmsgengine\MainServer.hpp(117): note: 请考虑在格式字符串中使用“%lld”
  c:\users\x1c\desktop\netmsgengine\netmsgengine\netmsgengine\MainServer.hpp(117): note: 请考虑在格式字符串中使用“%Id”
  c:\users\x1c\desktop\netmsgengine\netmsgengine\netmsgengine\MainServer.hpp(117): note: 请考虑在格式字符串中使用“%I64d”
c:\users\x1c\desktop\netmsgengine\netmsgengine\netmsgengine\MainServer.hpp(206): warning C4244: “参数”: 从“SOCKET”转换到“int”，可能丢失数据
c:\users\x1c\desktop\netmsgengine\netmsgengine\netmsgengine\MainServer.hpp(238): warning C4477: “printf”: 格式字符串“%d”需要类型“int”的参数，但可变参数 3 拥有了类型“SOCKET”
  c:\users\x1c\desktop\netmsgengine\netmsgengine\netmsgengine\MainServer.hpp(238): note: 请考虑在格式字符串中使用“%lld”
  c:\users\x1c\desktop\netmsgengine\netmsgengine\netmsgengine\MainServer.hpp(238): note: 请考虑在格式字符串中使用“%Id”
  c:\users\x1c\desktop\netmsgengine\netmsgengine\netmsgengine\MainServer.hpp(238): note: 请考虑在格式字符串中使用“%I64d”
test.cpp(10): warning C4996: 'scanf': This function or variable may be unsafe. Consider using scanf_s instead. To disable deprecation, use _CRT_SECURE_NO_WARNINGS. See online help for details.
  C:\Program Files (x86)\Windows Kits\10\Include\10.0.10240.0\ucrt\stdio.h(1270): note: 参见“scanf”的声明
test.cpp(76): warning C4477: “printf”: 格式字符串“%d”需要类型“int”的参数，但可变参数 1 拥有了类型“SOCKET”
  test.cpp(76): note: 请考虑在格式字符串中使用“%lld”
  test.cpp(76): note: 请考虑在格式字符串中使用“%Id”
  test.cpp(76): note: 请考虑在格式字符串中使用“%I64d”
  正在生成代码
  All 664 functions were compiled because no usable IPDB/IOBJ from previous compilation was found.
  已完成代码的生成
  NetMsgEngine.vcxproj -> C:\Users\x1c\Desktop\NetMsgEngine\NetMsgEngine\x64\Release\NetMsgEngine.exe
  NetMsgEngine.vcxproj -> C:\Users\x1c\Desktop\NetMsgEngine\NetMsgEngine\x64\Release\NetMsgEngine.pdb (Full PDB)
